\BOOKMARK [0][-]{chapter.1}{\376\377\000I\000n\000t\000r\000o\000d\000u\000\347\000\343\000o}{}% 1
\BOOKMARK [1][-]{section.1.1}{\376\377\000P\000a\000r\000t\000e\000s\000\040\000d\000e\000\040\000u\000m\000\040\000L\000a\000T\000e\000X\000\040\000f\000i\000l\000e}{chapter.1}% 2
\BOOKMARK [2][-]{subsection.1.1.1}{\376\377\000P\000r\000e\000a\000m\000b\000l\000e}{section.1.1}% 3
\BOOKMARK [2][-]{subsection.1.1.2}{\376\377\000S\000i\000n\000t\000a\000x\000e}{section.1.1}% 4
\BOOKMARK [0][-]{chapter.2}{\376\377\000F\000o\000n\000t\000e\000s}{}% 5
\BOOKMARK [0][-]{chapter.3}{\376\377\000F\000o\000r\000m\000a\000t\000a\000\347\000\343\000o\000\040\000d\000e\000\040\000T\000e\000x\000t\000o\000s\000\040\000I}{}% 6
\BOOKMARK [0][-]{chapter.4}{\376\377\000F\000o\000r\000m\000a\000t\000a\000\347\000\343\000o\000\040\000d\000e\000\040\000T\000e\000x\000t\000o\000s\000\040\000I\000I}{}% 7
\BOOKMARK [0][-]{chapter.5}{\376\377\000L\000a\000y\000o\000u\000t\000\040\000e\000\040\000E\000s\000t\000i\000l\000o\000\040\000d\000a\000\040\000P\000\341\000g\000i\000n\000a}{}% 8
\BOOKMARK [0][-]{chapter.6}{\376\377\000L\000i\000s\000t\000a\000s\000\040\000e\000\040\000T\000a\000b\000u\000l\000a\000\347\000\343\000o}{}% 9
\BOOKMARK [0][-]{chapter.7}{\376\377\000T\000a\000b\000e\000l\000a\000s\000\040\000I}{}% 10
\BOOKMARK [0][-]{chapter.8}{\376\377\000T\000a\000b\000e\000l\000a\000s\000\040\000I\000I}{}% 11
\BOOKMARK [0][-]{chapter.9}{\376\377\000I\000n\000s\000e\000r\000i\000n\000d\000o\000\040\000F\000i\000g\000u\000r\000a\000s}{}% 12
\BOOKMARK [0][-]{chapter.10}{\376\377\000D\000e\000s\000e\000n\000h\000o\000s}{}% 13
\BOOKMARK [0][-]{chapter.11}{\376\377\000E\000q\000u\000a\000\347\000\365\000e\000s\000\040\000I}{}% 14
\BOOKMARK [0][-]{chapter.12}{\376\377\000E\000q\000u\000a\000\347\000\365\000e\000s\000\040\000I\000I}{}% 15
\BOOKMARK [0][-]{chapter.13}{\376\377\000M\000a\000c\000r\000o\000s}{}% 16
\BOOKMARK [0][-]{chapter.14}{\376\377\000B\000i\000b\000l\000i\000o\000g\000r\000a\000f\000i\000a\000\040\000c\000o\000m\000\040\000L\000a\000T\000e\000X}{}% 17
\BOOKMARK [0][-]{chapter.15}{\376\377\000B\000i\000b\000l\000i\000o\000g\000r\000a\000f\000i\000a\000\040\000c\000o\000m\000\040\000B\000i\000b\000T\000e\000x}{}% 18
\BOOKMARK [0][-]{chapter.16}{\376\377\000S\000u\000m\000\341\000r\000i\000o\000\040\000e\000\040\000I\000n\000d\000e\000x}{}% 19
\BOOKMARK [0][-]{chapter.17}{\376\377\000M\000i\000s\000c\000e\000l\000l\000a\000n\000e\000o\000u\000s\000\040\000I}{}% 20
\BOOKMARK [0][-]{chapter.18}{\376\377\000M\000i\000s\000c\000e\000l\000l\000a\000n\000e\000o\000u\000s\000\040\000I\000I}{}% 21
\BOOKMARK [0][-]{chapter.19}{\376\377\000C\000a\000r\000t\000a\000\040\000e\000\040\000A\000r\000t\000i\000g\000o}{}% 22
\BOOKMARK [0][-]{chapter.20}{\376\377\000L\000i\000v\000r\000o\000\040\000e\000\040\000R\000e\000l\000a\000t\000\363\000r\000i\000o}{}% 23
\BOOKMARK [0][-]{chapter.21}{\376\377\000S\000l\000i\000d\000e\000\040\000I}{}% 24
\BOOKMARK [0][-]{chapter.22}{\376\377\000S\000l\000i\000d\000e\000\040\000I\000I}{}% 25
\BOOKMARK [0][-]{chapter.23}{\376\377\000E\000r\000r\000o\000r\000s\000\040\000e\000\040\000W\000a\000r\000n\000i\000n\000g\000s}{}% 26
\BOOKMARK [0][-]{chapter.24}{\376\377\000E\000x\000e\000r\000c\000\355\000c\000i\000o\000s}{}% 27
